!SESSION 2023-12-11 10:42:26.089 -----------------------------------------------
eclipse.buildId=Version 1.13.0
java.version=17.0.6
java.vendor=Eclipse Adoptium
BootLoader constants: OS=win32, ARCH=x86_64, WS=win32, NL=ko_KR
Command-line arguments:  -os win32 -ws win32 -arch x86_64

!ENTRY com.st.stm32cube.ide.mcu.informationcenter 4 4 2023-12-11 10:43:04.830
!MESSAGE CubeMX plugin appears to be active, Log4j initialization might be too late.

!ENTRY com.st.stm32cube.ide.mcu.informationcenter 1 1 2023-12-11 10:43:04.840
!MESSAGE Log4j2 initialized with config file C:\WorkSpace_GUI\.metadata\.log4j2.xml

!ENTRY com.st.stm32cube.ide.mcu.ide 1 1 2023-12-11 10:43:13.508
!MESSAGE Started RMI Server, listening on port 41337

!ENTRY org.eclipse.equinox.p2.repository 2 0 2023-12-11 10:44:53.595
!MESSAGE Using unsafe http transport to retrieve http://download.eclipse.org/usssdk/updates/release/latest, see CVE-2021-41033. Consider using https instead.

!ENTRY org.eclipse.equinox.p2.repository 2 0 2023-12-11 10:44:56.231
!MESSAGE Using unsafe http transport to retrieve http://download.eclipse.org/usssdk/drops/release/1.2.2/content.xml.xz, see CVE-2021-41033. Consider using https instead.

!ENTRY org.eclipse.cdt.core 1 0 2023-12-11 11:29:17.512
!MESSAGE Indexed 'Test01_GPIO' (22 sources, 82 headers) in 4.84 sec: 4,742 declarations; 22,752 references; 0 unresolved inclusions; 1 syntax errors; 2 unresolved names (0.0073%)
!SESSION 2023-12-11 11:30:03.375 -----------------------------------------------
eclipse.buildId=Version 1.13.0
java.version=17.0.6
java.vendor=Eclipse Adoptium
BootLoader constants: OS=win32, ARCH=x86_64, WS=win32, NL=ko_KR
Command-line arguments:  -os win32 -ws win32 -arch x86_64

!ENTRY com.st.stm32cube.ide.mcu.informationcenter 4 4 2023-12-11 11:30:10.698
!MESSAGE CubeMX plugin appears to be active, Log4j initialization might be too late.

!ENTRY com.st.stm32cube.ide.mcu.informationcenter 1 1 2023-12-11 11:30:10.700
!MESSAGE Log4j2 initialized with config file C:\WorkSpace_GUI\.metadata\.log4j2.xml

!ENTRY com.st.stm32cube.ide.mcu.ide 1 1 2023-12-11 11:31:09.421
!MESSAGE Started RMI Server, listening on port 41337

!ENTRY org.eclipse.equinox.p2.repository 2 0 2023-12-11 11:32:53.699
!MESSAGE Using unsafe http transport to retrieve http://download.eclipse.org/usssdk/updates/release/latest, see CVE-2021-41033. Consider using https instead.

!ENTRY org.eclipse.equinox.p2.repository 2 0 2023-12-11 11:32:57.322
!MESSAGE Using unsafe http transport to retrieve http://download.eclipse.org/usssdk/drops/release/1.2.2/content.xml.xz, see CVE-2021-41033. Consider using https instead.
!SESSION 2023-12-11 11:45:36.757 -----------------------------------------------
eclipse.buildId=Version 1.13.0
java.version=17.0.6
java.vendor=Eclipse Adoptium
BootLoader constants: OS=win32, ARCH=x86_64, WS=win32, NL=ko_KR
Command-line arguments:  -os win32 -ws win32 -arch x86_64

!ENTRY com.st.stm32cube.ide.mcu.informationcenter 4 4 2023-12-11 11:46:00.615
!MESSAGE CubeMX plugin appears to be active, Log4j initialization might be too late.

!ENTRY com.st.stm32cube.ide.mcu.informationcenter 1 1 2023-12-11 11:46:00.615
!MESSAGE Log4j2 initialized with config file C:\WorkSpace_GUI\.metadata\.log4j2.xml

!ENTRY com.st.stm32cube.ide.mcu.ide 1 1 2023-12-11 11:46:11.288
!MESSAGE Started RMI Server, listening on port 41337
!SESSION 2023-12-11 11:48:36.121 -----------------------------------------------
eclipse.buildId=Version 1.13.0
java.version=17.0.6
java.vendor=Eclipse Adoptium
BootLoader constants: OS=win32, ARCH=x86_64, WS=win32, NL=ko_KR
Command-line arguments:  -os win32 -ws win32 -arch x86_64

!ENTRY com.st.stm32cube.ide.mcu.informationcenter 4 4 2023-12-11 11:48:43.389
!MESSAGE CubeMX plugin appears to be active, Log4j initialization might be too late.

!ENTRY com.st.stm32cube.ide.mcu.informationcenter 1 1 2023-12-11 11:48:43.391
!MESSAGE Log4j2 initialized with config file C:\WorkSpace_GUI\.metadata\.log4j2.xml

!ENTRY com.st.stm32cube.ide.mcu.ide 1 1 2023-12-11 11:48:53.931
!MESSAGE Started RMI Server, listening on port 41337

!ENTRY org.eclipse.equinox.p2.repository 2 0 2023-12-11 11:51:04.198
!MESSAGE Using unsafe http transport to retrieve http://download.eclipse.org/usssdk/updates/release/latest, see CVE-2021-41033. Consider using https instead.

!ENTRY org.eclipse.equinox.p2.repository 2 0 2023-12-11 11:51:06.894
!MESSAGE Using unsafe http transport to retrieve http://download.eclipse.org/usssdk/drops/release/1.2.2/content.xml.xz, see CVE-2021-41033. Consider using https instead.

!ENTRY org.eclipse.cdt.dsf.gdb 4 104 2023-12-11 14:45:41.704
!MESSAGE Program file does not exist
!STACK 0
java.io.FileNotFoundException: C:\WorkSpace_GUI\Test01_GPIO\Debug\Test01_GPIO.elf not found
	at org.eclipse.cdt.dsf.gdb.launching.LaunchUtils.verifyProgramPath(LaunchUtils.java:130)
	at org.eclipse.cdt.dsf.gdb.launching.GdbLaunchDelegate.checkBinaryDetails(GdbLaunchDelegate.java:330)
	at org.eclipse.cdt.dsf.gdb.launching.GdbLaunchDelegate.launchDebugSession(GdbLaunchDelegate.java:152)
	at org.eclipse.cdt.dsf.gdb.launching.GdbLaunchDelegate.launchDebugger(GdbLaunchDelegate.java:109)
	at org.eclipse.cdt.dsf.gdb.launching.GdbLaunchDelegate.launch(GdbLaunchDelegate.java:97)
	at com.st.stm32cube.ide.mcu.debug.launch.DSFDelegate.launch(DSFDelegate.java:334)
	at org.eclipse.debug.internal.core.LaunchConfiguration.launch(LaunchConfiguration.java:806)
	at org.eclipse.debug.internal.core.LaunchConfiguration.launch(LaunchConfiguration.java:717)
	at org.eclipse.debug.internal.ui.DebugUIPlugin.buildAndLaunch(DebugUIPlugin.java:1040)
	at org.eclipse.debug.internal.ui.DebugUIPlugin$1.run(DebugUIPlugin.java:1243)
	at org.eclipse.core.internal.jobs.Worker.run(Worker.java:63)
!SUBENTRY 1 org.eclipse.cdt.dsf.gdb 4 104 2023-12-11 14:45:41.705
!MESSAGE C:\WorkSpace_GUI\Test01_GPIO\Debug\Test01_GPIO.elf not found
!STACK 0
java.io.FileNotFoundException: C:\WorkSpace_GUI\Test01_GPIO\Debug\Test01_GPIO.elf not found
	at org.eclipse.cdt.dsf.gdb.launching.LaunchUtils.verifyProgramPath(LaunchUtils.java:130)
	at org.eclipse.cdt.dsf.gdb.launching.GdbLaunchDelegate.checkBinaryDetails(GdbLaunchDelegate.java:330)
	at org.eclipse.cdt.dsf.gdb.launching.GdbLaunchDelegate.launchDebugSession(GdbLaunchDelegate.java:152)
	at org.eclipse.cdt.dsf.gdb.launching.GdbLaunchDelegate.launchDebugger(GdbLaunchDelegate.java:109)
	at org.eclipse.cdt.dsf.gdb.launching.GdbLaunchDelegate.launch(GdbLaunchDelegate.java:97)
	at com.st.stm32cube.ide.mcu.debug.launch.DSFDelegate.launch(DSFDelegate.java:334)
	at org.eclipse.debug.internal.core.LaunchConfiguration.launch(LaunchConfiguration.java:806)
	at org.eclipse.debug.internal.core.LaunchConfiguration.launch(LaunchConfiguration.java:717)
	at org.eclipse.debug.internal.ui.DebugUIPlugin.buildAndLaunch(DebugUIPlugin.java:1040)
	at org.eclipse.debug.internal.ui.DebugUIPlugin$1.run(DebugUIPlugin.java:1243)
	at org.eclipse.core.internal.jobs.Worker.run(Worker.java:63)

!ENTRY org.eclipse.cdt.dsf.gdb 4 104 2023-12-11 15:10:10.923
!MESSAGE Program file does not exist
!STACK 0
java.io.FileNotFoundException: C:\WorkSpace_GUI\Test01_GPIO\Debug\Test01_GPIO.elf not found
	at org.eclipse.cdt.dsf.gdb.launching.LaunchUtils.verifyProgramPath(LaunchUtils.java:130)
	at org.eclipse.cdt.dsf.gdb.launching.GdbLaunchDelegate.checkBinaryDetails(GdbLaunchDelegate.java:330)
	at org.eclipse.cdt.dsf.gdb.launching.GdbLaunchDelegate.launchDebugSession(GdbLaunchDelegate.java:152)
	at org.eclipse.cdt.dsf.gdb.launching.GdbLaunchDelegate.launchDebugger(GdbLaunchDelegate.java:109)
	at org.eclipse.cdt.dsf.gdb.launching.GdbLaunchDelegate.launch(GdbLaunchDelegate.java:97)
	at com.st.stm32cube.ide.mcu.debug.launch.DSFDelegate.launch(DSFDelegate.java:334)
	at org.eclipse.debug.internal.core.LaunchConfiguration.launch(LaunchConfiguration.java:806)
	at org.eclipse.debug.internal.core.LaunchConfiguration.launch(LaunchConfiguration.java:717)
	at org.eclipse.debug.internal.ui.DebugUIPlugin.buildAndLaunch(DebugUIPlugin.java:1040)
	at org.eclipse.debug.internal.ui.DebugUIPlugin$1.run(DebugUIPlugin.java:1243)
	at org.eclipse.core.internal.jobs.Worker.run(Worker.java:63)
!SUBENTRY 1 org.eclipse.cdt.dsf.gdb 4 104 2023-12-11 15:10:10.923
!MESSAGE C:\WorkSpace_GUI\Test01_GPIO\Debug\Test01_GPIO.elf not found
!STACK 0
java.io.FileNotFoundException: C:\WorkSpace_GUI\Test01_GPIO\Debug\Test01_GPIO.elf not found
	at org.eclipse.cdt.dsf.gdb.launching.LaunchUtils.verifyProgramPath(LaunchUtils.java:130)
	at org.eclipse.cdt.dsf.gdb.launching.GdbLaunchDelegate.checkBinaryDetails(GdbLaunchDelegate.java:330)
	at org.eclipse.cdt.dsf.gdb.launching.GdbLaunchDelegate.launchDebugSession(GdbLaunchDelegate.java:152)
	at org.eclipse.cdt.dsf.gdb.launching.GdbLaunchDelegate.launchDebugger(GdbLaunchDelegate.java:109)
	at org.eclipse.cdt.dsf.gdb.launching.GdbLaunchDelegate.launch(GdbLaunchDelegate.java:97)
	at com.st.stm32cube.ide.mcu.debug.launch.DSFDelegate.launch(DSFDelegate.java:334)
	at org.eclipse.debug.internal.core.LaunchConfiguration.launch(LaunchConfiguration.java:806)
	at org.eclipse.debug.internal.core.LaunchConfiguration.launch(LaunchConfiguration.java:717)
	at org.eclipse.debug.internal.ui.DebugUIPlugin.buildAndLaunch(DebugUIPlugin.java:1040)
	at org.eclipse.debug.internal.ui.DebugUIPlugin$1.run(DebugUIPlugin.java:1243)
	at org.eclipse.core.internal.jobs.Worker.run(Worker.java:63)

!ENTRY com.st.stm32cube.ide.mcu.debug 4 0 2023-12-11 15:12:36.091
!MESSAGE Error - No active DSF-Session. tmpSessionId = 10 (contextManager row 121)

!ENTRY com.st.stm32cube.ide.mcu.debug 4 0 2023-12-11 15:12:36.092
!MESSAGE Existing sessions are:

!ENTRY com.st.stm32cube.ide.mcu.debug 4 0 2023-12-11 15:12:36.093
!MESSAGE Error - No active DSF-Session. tmpSessionId = 10 (contextManager row 121)

!ENTRY com.st.stm32cube.ide.mcu.debug 4 0 2023-12-11 15:12:36.094
!MESSAGE Existing sessions are:

!ENTRY com.st.stm32cube.ide.mcu.debug 4 0 2023-12-11 15:35:55.140
!MESSAGE Error - No active DSF-Session. tmpSessionId = 16 (contextManager row 121)

!ENTRY com.st.stm32cube.ide.mcu.debug 4 0 2023-12-11 15:35:55.141
!MESSAGE Existing sessions are:

!ENTRY com.st.stm32cube.ide.mcu.debug 4 0 2023-12-11 15:35:55.142
!MESSAGE Error - No active DSF-Session. tmpSessionId = 16 (contextManager row 121)

!ENTRY com.st.stm32cube.ide.mcu.debug 4 0 2023-12-11 15:35:55.142
!MESSAGE Existing sessions are:

!ENTRY com.st.stm32cube.ide.mcu.debug 4 0 2023-12-11 16:13:31.398
!MESSAGE Error - No active DSF-Session. tmpSessionId = 19 (contextManager row 121)

!ENTRY com.st.stm32cube.ide.mcu.debug 4 0 2023-12-11 16:13:31.398
!MESSAGE Existing sessions are:

!ENTRY com.st.stm32cube.ide.mcu.debug 4 0 2023-12-11 16:13:31.400
!MESSAGE Error - No active DSF-Session. tmpSessionId = 19 (contextManager row 121)

!ENTRY com.st.stm32cube.ide.mcu.debug 4 0 2023-12-11 16:13:31.400
!MESSAGE Existing sessions are:

!ENTRY org.eclipse.cdt.dsf.gdb 4 104 2023-12-11 16:15:25.760
!MESSAGE Program file does not exist
!STACK 0
java.io.FileNotFoundException: C:\WorkSpace_GUI\Test01_GPIO\Debug\Test01_GPIO.elf not found
	at org.eclipse.cdt.dsf.gdb.launching.LaunchUtils.verifyProgramPath(LaunchUtils.java:130)
	at org.eclipse.cdt.dsf.gdb.launching.GdbLaunchDelegate.checkBinaryDetails(GdbLaunchDelegate.java:330)
	at org.eclipse.cdt.dsf.gdb.launching.GdbLaunchDelegate.launchDebugSession(GdbLaunchDelegate.java:152)
	at org.eclipse.cdt.dsf.gdb.launching.GdbLaunchDelegate.launchDebugger(GdbLaunchDelegate.java:109)
	at org.eclipse.cdt.dsf.gdb.launching.GdbLaunchDelegate.launch(GdbLaunchDelegate.java:97)
	at com.st.stm32cube.ide.mcu.debug.launch.DSFDelegate.launch(DSFDelegate.java:334)
	at org.eclipse.debug.internal.core.LaunchConfiguration.launch(LaunchConfiguration.java:806)
	at org.eclipse.debug.internal.core.LaunchConfiguration.launch(LaunchConfiguration.java:717)
	at org.eclipse.debug.internal.ui.DebugUIPlugin.buildAndLaunch(DebugUIPlugin.java:1040)
	at org.eclipse.debug.internal.ui.DebugUIPlugin$1.run(DebugUIPlugin.java:1243)
	at org.eclipse.core.internal.jobs.Worker.run(Worker.java:63)
!SUBENTRY 1 org.eclipse.cdt.dsf.gdb 4 104 2023-12-11 16:15:25.760
!MESSAGE C:\WorkSpace_GUI\Test01_GPIO\Debug\Test01_GPIO.elf not found
!STACK 0
java.io.FileNotFoundException: C:\WorkSpace_GUI\Test01_GPIO\Debug\Test01_GPIO.elf not found
	at org.eclipse.cdt.dsf.gdb.launching.LaunchUtils.verifyProgramPath(LaunchUtils.java:130)
	at org.eclipse.cdt.dsf.gdb.launching.GdbLaunchDelegate.checkBinaryDetails(GdbLaunchDelegate.java:330)
	at org.eclipse.cdt.dsf.gdb.launching.GdbLaunchDelegate.launchDebugSession(GdbLaunchDelegate.java:152)
	at org.eclipse.cdt.dsf.gdb.launching.GdbLaunchDelegate.launchDebugger(GdbLaunchDelegate.java:109)
	at org.eclipse.cdt.dsf.gdb.launching.GdbLaunchDelegate.launch(GdbLaunchDelegate.java:97)
	at com.st.stm32cube.ide.mcu.debug.launch.DSFDelegate.launch(DSFDelegate.java:334)
	at org.eclipse.debug.internal.core.LaunchConfiguration.launch(LaunchConfiguration.java:806)
	at org.eclipse.debug.internal.core.LaunchConfiguration.launch(LaunchConfiguration.java:717)
	at org.eclipse.debug.internal.ui.DebugUIPlugin.buildAndLaunch(DebugUIPlugin.java:1040)
	at org.eclipse.debug.internal.ui.DebugUIPlugin$1.run(DebugUIPlugin.java:1243)
	at org.eclipse.core.internal.jobs.Worker.run(Worker.java:63)

!ENTRY com.st.stm32cube.ide.mcu.debug 4 0 2023-12-11 16:15:57.689
!MESSAGE Error - No active DSF-Session. tmpSessionId = 22 (contextManager row 121)

!ENTRY com.st.stm32cube.ide.mcu.debug 4 0 2023-12-11 16:15:57.690
!MESSAGE Existing sessions are:

!ENTRY com.st.stm32cube.ide.mcu.debug 4 0 2023-12-11 16:15:57.691
!MESSAGE Error - No active DSF-Session. tmpSessionId = 22 (contextManager row 121)

!ENTRY com.st.stm32cube.ide.mcu.debug 4 0 2023-12-11 16:15:57.692
!MESSAGE Existing sessions are:

!ENTRY com.st.stm32cube.ide.mcu.debug 4 0 2023-12-11 16:22:18.956
!MESSAGE Error - No active DSF-Session. tmpSessionId = 23 (contextManager row 121)

!ENTRY com.st.stm32cube.ide.mcu.debug 4 0 2023-12-11 16:22:18.956
!MESSAGE Existing sessions are:

!ENTRY com.st.stm32cube.ide.mcu.debug 4 0 2023-12-11 16:22:18.958
!MESSAGE Error - No active DSF-Session. tmpSessionId = 23 (contextManager row 121)

!ENTRY com.st.stm32cube.ide.mcu.debug 4 0 2023-12-11 16:22:18.958
!MESSAGE Existing sessions are:
!SESSION 2023-12-12 09:06:45.187 -----------------------------------------------
eclipse.buildId=Version 1.13.0
java.version=17.0.6
java.vendor=Eclipse Adoptium
BootLoader constants: OS=win32, ARCH=x86_64, WS=win32, NL=ko_KR
Command-line arguments:  -os win32 -ws win32 -arch x86_64

!ENTRY com.st.stm32cube.ide.mcu.informationcenter 4 4 2023-12-12 09:07:09.367
!MESSAGE CubeMX plugin appears to be active, Log4j initialization might be too late.

!ENTRY com.st.stm32cube.ide.mcu.informationcenter 1 1 2023-12-12 09:07:09.367
!MESSAGE Log4j2 initialized with config file C:\WorkSpace_GUI\.metadata\.log4j2.xml

!ENTRY com.st.stm32cube.ide.mcu.ide 1 1 2023-12-12 09:07:23.317
!MESSAGE Started RMI Server, listening on port 41337

!ENTRY org.eclipse.equinox.p2.repository 2 0 2023-12-12 09:10:03.452
!MESSAGE Using unsafe http transport to retrieve http://download.eclipse.org/usssdk/updates/release/latest, see CVE-2021-41033. Consider using https instead.

!ENTRY org.eclipse.equinox.p2.repository 2 0 2023-12-12 09:10:06.149
!MESSAGE Using unsafe http transport to retrieve http://download.eclipse.org/usssdk/drops/release/1.2.2/content.xml.xz, see CVE-2021-41033. Consider using https instead.

!ENTRY com.st.stm32cube.ide.mcu.debug 4 0 2023-12-12 11:51:21.131
!MESSAGE Error - No active DSF-Session. tmpSessionId = 14 (contextManager row 121)

!ENTRY com.st.stm32cube.ide.mcu.debug 4 0 2023-12-12 11:51:21.132
!MESSAGE Existing sessions are:

!ENTRY com.st.stm32cube.ide.mcu.debug 4 0 2023-12-12 11:51:21.133
!MESSAGE Error - No active DSF-Session. tmpSessionId = 14 (contextManager row 121)

!ENTRY com.st.stm32cube.ide.mcu.debug 4 0 2023-12-12 11:51:21.133
!MESSAGE Existing sessions are:

!ENTRY org.eclipse.cdt.dsf.gdb 4 104 2023-12-12 12:06:25.280
!MESSAGE Program file does not exist
!STACK 0
java.io.FileNotFoundException: C:\WorkSpace_GUI\Test01_GPIO\Debug\Test01_GPIO.elf not found
	at org.eclipse.cdt.dsf.gdb.launching.LaunchUtils.verifyProgramPath(LaunchUtils.java:130)
	at org.eclipse.cdt.dsf.gdb.launching.GdbLaunchDelegate.checkBinaryDetails(GdbLaunchDelegate.java:330)
	at org.eclipse.cdt.dsf.gdb.launching.GdbLaunchDelegate.launchDebugSession(GdbLaunchDelegate.java:152)
	at org.eclipse.cdt.dsf.gdb.launching.GdbLaunchDelegate.launchDebugger(GdbLaunchDelegate.java:109)
	at org.eclipse.cdt.dsf.gdb.launching.GdbLaunchDelegate.launch(GdbLaunchDelegate.java:97)
	at com.st.stm32cube.ide.mcu.debug.launch.DSFDelegate.launch(DSFDelegate.java:334)
	at org.eclipse.debug.internal.core.LaunchConfiguration.launch(LaunchConfiguration.java:806)
	at org.eclipse.debug.internal.core.LaunchConfiguration.launch(LaunchConfiguration.java:717)
	at org.eclipse.debug.internal.ui.DebugUIPlugin.buildAndLaunch(DebugUIPlugin.java:1040)
	at org.eclipse.debug.internal.ui.DebugUIPlugin$1.run(DebugUIPlugin.java:1243)
	at org.eclipse.core.internal.jobs.Worker.run(Worker.java:63)
!SUBENTRY 1 org.eclipse.cdt.dsf.gdb 4 104 2023-12-12 12:06:25.281
!MESSAGE C:\WorkSpace_GUI\Test01_GPIO\Debug\Test01_GPIO.elf not found
!STACK 0
java.io.FileNotFoundException: C:\WorkSpace_GUI\Test01_GPIO\Debug\Test01_GPIO.elf not found
	at org.eclipse.cdt.dsf.gdb.launching.LaunchUtils.verifyProgramPath(LaunchUtils.java:130)
	at org.eclipse.cdt.dsf.gdb.launching.GdbLaunchDelegate.checkBinaryDetails(GdbLaunchDelegate.java:330)
	at org.eclipse.cdt.dsf.gdb.launching.GdbLaunchDelegate.launchDebugSession(GdbLaunchDelegate.java:152)
	at org.eclipse.cdt.dsf.gdb.launching.GdbLaunchDelegate.launchDebugger(GdbLaunchDelegate.java:109)
	at org.eclipse.cdt.dsf.gdb.launching.GdbLaunchDelegate.launch(GdbLaunchDelegate.java:97)
	at com.st.stm32cube.ide.mcu.debug.launch.DSFDelegate.launch(DSFDelegate.java:334)
	at org.eclipse.debug.internal.core.LaunchConfiguration.launch(LaunchConfiguration.java:806)
	at org.eclipse.debug.internal.core.LaunchConfiguration.launch(LaunchConfiguration.java:717)
	at org.eclipse.debug.internal.ui.DebugUIPlugin.buildAndLaunch(DebugUIPlugin.java:1040)
	at org.eclipse.debug.internal.ui.DebugUIPlugin$1.run(DebugUIPlugin.java:1243)
	at org.eclipse.core.internal.jobs.Worker.run(Worker.java:63)

!ENTRY com.st.stm32cube.ide.mcu.debug 4 0 2023-12-12 12:06:54.891
!MESSAGE Error - No active DSF-Session. tmpSessionId = 17 (contextManager row 121)

!ENTRY com.st.stm32cube.ide.mcu.debug 4 0 2023-12-12 12:06:54.891
!MESSAGE Existing sessions are:

!ENTRY com.st.stm32cube.ide.mcu.debug 4 0 2023-12-12 12:06:54.892
!MESSAGE Error - No active DSF-Session. tmpSessionId = 17 (contextManager row 121)

!ENTRY com.st.stm32cube.ide.mcu.debug 4 0 2023-12-12 12:06:54.892
!MESSAGE Existing sessions are:

!ENTRY com.st.stm32cube.ide.mcu.debug 4 0 2023-12-12 12:25:03.281
!MESSAGE Error - No active DSF-Session. tmpSessionId = 18 (contextManager row 121)

!ENTRY com.st.stm32cube.ide.mcu.debug 4 0 2023-12-12 12:25:03.281
!MESSAGE Existing sessions are:

!ENTRY com.st.stm32cube.ide.mcu.debug 4 0 2023-12-12 12:25:03.282
!MESSAGE Error - No active DSF-Session. tmpSessionId = 18 (contextManager row 121)

!ENTRY com.st.stm32cube.ide.mcu.debug 4 0 2023-12-12 12:25:03.282
!MESSAGE Existing sessions are:

!ENTRY org.eclipse.cdt.dsf.gdb 4 104 2023-12-12 15:31:40.055
!MESSAGE Program file does not exist
!STACK 0
java.io.FileNotFoundException: C:\WorkSpace_GUI\Test01_GPIO\Debug\Test01_GPIO.elf not found
	at org.eclipse.cdt.dsf.gdb.launching.LaunchUtils.verifyProgramPath(LaunchUtils.java:130)
	at org.eclipse.cdt.dsf.gdb.launching.GdbLaunchDelegate.checkBinaryDetails(GdbLaunchDelegate.java:330)
	at org.eclipse.cdt.dsf.gdb.launching.GdbLaunchDelegate.launchDebugSession(GdbLaunchDelegate.java:152)
	at org.eclipse.cdt.dsf.gdb.launching.GdbLaunchDelegate.launchDebugger(GdbLaunchDelegate.java:109)
	at org.eclipse.cdt.dsf.gdb.launching.GdbLaunchDelegate.launch(GdbLaunchDelegate.java:97)
	at com.st.stm32cube.ide.mcu.debug.launch.DSFDelegate.launch(DSFDelegate.java:334)
	at org.eclipse.debug.internal.core.LaunchConfiguration.launch(LaunchConfiguration.java:806)
	at org.eclipse.debug.internal.core.LaunchConfiguration.launch(LaunchConfiguration.java:717)
	at org.eclipse.debug.internal.ui.DebugUIPlugin.buildAndLaunch(DebugUIPlugin.java:1040)
	at org.eclipse.debug.internal.ui.DebugUIPlugin$1.run(DebugUIPlugin.java:1243)
	at org.eclipse.core.internal.jobs.Worker.run(Worker.java:63)
!SUBENTRY 1 org.eclipse.cdt.dsf.gdb 4 104 2023-12-12 15:31:40.055
!MESSAGE C:\WorkSpace_GUI\Test01_GPIO\Debug\Test01_GPIO.elf not found
!STACK 0
java.io.FileNotFoundException: C:\WorkSpace_GUI\Test01_GPIO\Debug\Test01_GPIO.elf not found
	at org.eclipse.cdt.dsf.gdb.launching.LaunchUtils.verifyProgramPath(LaunchUtils.java:130)
	at org.eclipse.cdt.dsf.gdb.launching.GdbLaunchDelegate.checkBinaryDetails(GdbLaunchDelegate.java:330)
	at org.eclipse.cdt.dsf.gdb.launching.GdbLaunchDelegate.launchDebugSession(GdbLaunchDelegate.java:152)
	at org.eclipse.cdt.dsf.gdb.launching.GdbLaunchDelegate.launchDebugger(GdbLaunchDelegate.java:109)
	at org.eclipse.cdt.dsf.gdb.launching.GdbLaunchDelegate.launch(GdbLaunchDelegate.java:97)
	at com.st.stm32cube.ide.mcu.debug.launch.DSFDelegate.launch(DSFDelegate.java:334)
	at org.eclipse.debug.internal.core.LaunchConfiguration.launch(LaunchConfiguration.java:806)
	at org.eclipse.debug.internal.core.LaunchConfiguration.launch(LaunchConfiguration.java:717)
	at org.eclipse.debug.internal.ui.DebugUIPlugin.buildAndLaunch(DebugUIPlugin.java:1040)
	at org.eclipse.debug.internal.ui.DebugUIPlugin$1.run(DebugUIPlugin.java:1243)
	at org.eclipse.core.internal.jobs.Worker.run(Worker.java:63)

!ENTRY com.st.stm32cube.ide.mcu.debug 4 0 2023-12-12 15:39:17.618
!MESSAGE Error - No active DSF-Session. tmpSessionId = 36 (contextManager row 121)

!ENTRY com.st.stm32cube.ide.mcu.debug 4 0 2023-12-12 15:39:17.619
!MESSAGE Existing sessions are:

!ENTRY com.st.stm32cube.ide.mcu.debug 4 0 2023-12-12 15:39:17.620
!MESSAGE Error - No active DSF-Session. tmpSessionId = 36 (contextManager row 121)

!ENTRY com.st.stm32cube.ide.mcu.debug 4 0 2023-12-12 15:39:17.620
!MESSAGE Existing sessions are:

!ENTRY com.st.stm32cube.ide.mcu.debug 4 0 2023-12-12 15:47:58.847
!MESSAGE Error - No active DSF-Session. tmpSessionId = 39 (contextManager row 121)

!ENTRY com.st.stm32cube.ide.mcu.debug 4 0 2023-12-12 15:47:58.847
!MESSAGE Existing sessions are:

!ENTRY com.st.stm32cube.ide.mcu.debug 4 0 2023-12-12 15:47:58.848
!MESSAGE Error - No active DSF-Session. tmpSessionId = 39 (contextManager row 121)

!ENTRY com.st.stm32cube.ide.mcu.debug 4 0 2023-12-12 15:47:58.848
!MESSAGE Existing sessions are:

!ENTRY com.st.stm32cube.ide.mcu.debug 4 0 2023-12-12 15:49:12.716
!MESSAGE Error - No active DSF-Session. tmpSessionId = 41 (contextManager row 121)

!ENTRY com.st.stm32cube.ide.mcu.debug 4 0 2023-12-12 15:49:12.717
!MESSAGE Existing sessions are:

!ENTRY com.st.stm32cube.ide.mcu.debug 4 0 2023-12-12 15:49:12.718
!MESSAGE Error - No active DSF-Session. tmpSessionId = 41 (contextManager row 121)

!ENTRY com.st.stm32cube.ide.mcu.debug 4 0 2023-12-12 15:49:12.718
!MESSAGE Existing sessions are:

!ENTRY org.eclipse.cdt.dsf.gdb 4 104 2023-12-12 15:52:30.456
!MESSAGE Program file does not exist
!STACK 0
java.io.FileNotFoundException: C:\WorkSpace_GUI\Test01_GPIO\Debug\Test01_GPIO.elf not found
	at org.eclipse.cdt.dsf.gdb.launching.LaunchUtils.verifyProgramPath(LaunchUtils.java:130)
	at org.eclipse.cdt.dsf.gdb.launching.GdbLaunchDelegate.checkBinaryDetails(GdbLaunchDelegate.java:330)
	at org.eclipse.cdt.dsf.gdb.launching.GdbLaunchDelegate.launchDebugSession(GdbLaunchDelegate.java:152)
	at org.eclipse.cdt.dsf.gdb.launching.GdbLaunchDelegate.launchDebugger(GdbLaunchDelegate.java:109)
	at org.eclipse.cdt.dsf.gdb.launching.GdbLaunchDelegate.launch(GdbLaunchDelegate.java:97)
	at com.st.stm32cube.ide.mcu.debug.launch.DSFDelegate.launch(DSFDelegate.java:334)
	at org.eclipse.debug.internal.core.LaunchConfiguration.launch(LaunchConfiguration.java:806)
	at org.eclipse.debug.internal.core.LaunchConfiguration.launch(LaunchConfiguration.java:717)
	at org.eclipse.debug.internal.ui.DebugUIPlugin.buildAndLaunch(DebugUIPlugin.java:1040)
	at org.eclipse.debug.internal.ui.DebugUIPlugin$1.run(DebugUIPlugin.java:1243)
	at org.eclipse.core.internal.jobs.Worker.run(Worker.java:63)
!SUBENTRY 1 org.eclipse.cdt.dsf.gdb 4 104 2023-12-12 15:52:30.456
!MESSAGE C:\WorkSpace_GUI\Test01_GPIO\Debug\Test01_GPIO.elf not found
!STACK 0
java.io.FileNotFoundException: C:\WorkSpace_GUI\Test01_GPIO\Debug\Test01_GPIO.elf not found
	at org.eclipse.cdt.dsf.gdb.launching.LaunchUtils.verifyProgramPath(LaunchUtils.java:130)
	at org.eclipse.cdt.dsf.gdb.launching.GdbLaunchDelegate.checkBinaryDetails(GdbLaunchDelegate.java:330)
	at org.eclipse.cdt.dsf.gdb.launching.GdbLaunchDelegate.launchDebugSession(GdbLaunchDelegate.java:152)
	at org.eclipse.cdt.dsf.gdb.launching.GdbLaunchDelegate.launchDebugger(GdbLaunchDelegate.java:109)
	at org.eclipse.cdt.dsf.gdb.launching.GdbLaunchDelegate.launch(GdbLaunchDelegate.java:97)
	at com.st.stm32cube.ide.mcu.debug.launch.DSFDelegate.launch(DSFDelegate.java:334)
	at org.eclipse.debug.internal.core.LaunchConfiguration.launch(LaunchConfiguration.java:806)
	at org.eclipse.debug.internal.core.LaunchConfiguration.launch(LaunchConfiguration.java:717)
	at org.eclipse.debug.internal.ui.DebugUIPlugin.buildAndLaunch(DebugUIPlugin.java:1040)
	at org.eclipse.debug.internal.ui.DebugUIPlugin$1.run(DebugUIPlugin.java:1243)
	at org.eclipse.core.internal.jobs.Worker.run(Worker.java:63)

!ENTRY com.st.stm32cube.ide.mcu.debug 4 0 2023-12-12 15:53:01.874
!MESSAGE Error - No active DSF-Session. tmpSessionId = 44 (contextManager row 121)

!ENTRY com.st.stm32cube.ide.mcu.debug 4 0 2023-12-12 15:53:01.874
!MESSAGE Existing sessions are:

!ENTRY com.st.stm32cube.ide.mcu.debug 4 0 2023-12-12 15:53:01.875
!MESSAGE Error - No active DSF-Session. tmpSessionId = 44 (contextManager row 121)

!ENTRY com.st.stm32cube.ide.mcu.debug 4 0 2023-12-12 15:53:01.875
!MESSAGE Existing sessions are:

!ENTRY org.eclipse.cdt.dsf.gdb 4 104 2023-12-12 15:55:49.651
!MESSAGE Program file does not exist
!STACK 0
java.io.FileNotFoundException: C:\WorkSpace_GUI\Test01_GPIO\Debug\Test01_GPIO.elf not found
	at org.eclipse.cdt.dsf.gdb.launching.LaunchUtils.verifyProgramPath(LaunchUtils.java:130)
	at org.eclipse.cdt.dsf.gdb.launching.GdbLaunchDelegate.checkBinaryDetails(GdbLaunchDelegate.java:330)
	at org.eclipse.cdt.dsf.gdb.launching.GdbLaunchDelegate.launchDebugSession(GdbLaunchDelegate.java:152)
	at org.eclipse.cdt.dsf.gdb.launching.GdbLaunchDelegate.launchDebugger(GdbLaunchDelegate.java:109)
	at org.eclipse.cdt.dsf.gdb.launching.GdbLaunchDelegate.launch(GdbLaunchDelegate.java:97)
	at com.st.stm32cube.ide.mcu.debug.launch.DSFDelegate.launch(DSFDelegate.java:334)
	at org.eclipse.debug.internal.core.LaunchConfiguration.launch(LaunchConfiguration.java:806)
	at org.eclipse.debug.internal.core.LaunchConfiguration.launch(LaunchConfiguration.java:717)
	at org.eclipse.debug.internal.ui.DebugUIPlugin.buildAndLaunch(DebugUIPlugin.java:1040)
	at org.eclipse.debug.internal.ui.DebugUIPlugin$1.run(DebugUIPlugin.java:1243)
	at org.eclipse.core.internal.jobs.Worker.run(Worker.java:63)
!SUBENTRY 1 org.eclipse.cdt.dsf.gdb 4 104 2023-12-12 15:55:49.651
!MESSAGE C:\WorkSpace_GUI\Test01_GPIO\Debug\Test01_GPIO.elf not found
!STACK 0
java.io.FileNotFoundException: C:\WorkSpace_GUI\Test01_GPIO\Debug\Test01_GPIO.elf not found
	at org.eclipse.cdt.dsf.gdb.launching.LaunchUtils.verifyProgramPath(LaunchUtils.java:130)
	at org.eclipse.cdt.dsf.gdb.launching.GdbLaunchDelegate.checkBinaryDetails(GdbLaunchDelegate.java:330)
	at org.eclipse.cdt.dsf.gdb.launching.GdbLaunchDelegate.launchDebugSession(GdbLaunchDelegate.java:152)
	at org.eclipse.cdt.dsf.gdb.launching.GdbLaunchDelegate.launchDebugger(GdbLaunchDelegate.java:109)
	at org.eclipse.cdt.dsf.gdb.launching.GdbLaunchDelegate.launch(GdbLaunchDelegate.java:97)
	at com.st.stm32cube.ide.mcu.debug.launch.DSFDelegate.launch(DSFDelegate.java:334)
	at org.eclipse.debug.internal.core.LaunchConfiguration.launch(LaunchConfiguration.java:806)
	at org.eclipse.debug.internal.core.LaunchConfiguration.launch(LaunchConfiguration.java:717)
	at org.eclipse.debug.internal.ui.DebugUIPlugin.buildAndLaunch(DebugUIPlugin.java:1040)
	at org.eclipse.debug.internal.ui.DebugUIPlugin$1.run(DebugUIPlugin.java:1243)
	at org.eclipse.core.internal.jobs.Worker.run(Worker.java:63)

!ENTRY org.eclipse.cdt.dsf.gdb 4 104 2023-12-12 16:10:40.132
!MESSAGE Program file does not exist
!STACK 0
java.io.FileNotFoundException: C:\WorkSpace_GUI\Test01_GPIO\Debug\Test01_GPIO.elf not found
	at org.eclipse.cdt.dsf.gdb.launching.LaunchUtils.verifyProgramPath(LaunchUtils.java:130)
	at org.eclipse.cdt.dsf.gdb.launching.GdbLaunchDelegate.checkBinaryDetails(GdbLaunchDelegate.java:330)
	at org.eclipse.cdt.dsf.gdb.launching.GdbLaunchDelegate.launchDebugSession(GdbLaunchDelegate.java:152)
	at org.eclipse.cdt.dsf.gdb.launching.GdbLaunchDelegate.launchDebugger(GdbLaunchDelegate.java:109)
	at org.eclipse.cdt.dsf.gdb.launching.GdbLaunchDelegate.launch(GdbLaunchDelegate.java:97)
	at com.st.stm32cube.ide.mcu.debug.launch.DSFDelegate.launch(DSFDelegate.java:334)
	at org.eclipse.debug.internal.core.LaunchConfiguration.launch(LaunchConfiguration.java:806)
	at org.eclipse.debug.internal.core.LaunchConfiguration.launch(LaunchConfiguration.java:717)
	at org.eclipse.debug.internal.ui.DebugUIPlugin.buildAndLaunch(DebugUIPlugin.java:1040)
	at org.eclipse.debug.internal.ui.DebugUIPlugin$1.run(DebugUIPlugin.java:1243)
	at org.eclipse.core.internal.jobs.Worker.run(Worker.java:63)
!SUBENTRY 1 org.eclipse.cdt.dsf.gdb 4 104 2023-12-12 16:10:40.132
!MESSAGE C:\WorkSpace_GUI\Test01_GPIO\Debug\Test01_GPIO.elf not found
!STACK 0
java.io.FileNotFoundException: C:\WorkSpace_GUI\Test01_GPIO\Debug\Test01_GPIO.elf not found
	at org.eclipse.cdt.dsf.gdb.launching.LaunchUtils.verifyProgramPath(LaunchUtils.java:130)
	at org.eclipse.cdt.dsf.gdb.launching.GdbLaunchDelegate.checkBinaryDetails(GdbLaunchDelegate.java:330)
	at org.eclipse.cdt.dsf.gdb.launching.GdbLaunchDelegate.launchDebugSession(GdbLaunchDelegate.java:152)
	at org.eclipse.cdt.dsf.gdb.launching.GdbLaunchDelegate.launchDebugger(GdbLaunchDelegate.java:109)
	at org.eclipse.cdt.dsf.gdb.launching.GdbLaunchDelegate.launch(GdbLaunchDelegate.java:97)
	at com.st.stm32cube.ide.mcu.debug.launch.DSFDelegate.launch(DSFDelegate.java:334)
	at org.eclipse.debug.internal.core.LaunchConfiguration.launch(LaunchConfiguration.java:806)
	at org.eclipse.debug.internal.core.LaunchConfiguration.launch(LaunchConfiguration.java:717)
	at org.eclipse.debug.internal.ui.DebugUIPlugin.buildAndLaunch(DebugUIPlugin.java:1040)
	at org.eclipse.debug.internal.ui.DebugUIPlugin$1.run(DebugUIPlugin.java:1243)
	at org.eclipse.core.internal.jobs.Worker.run(Worker.java:63)

!ENTRY org.eclipse.cdt.dsf.gdb 4 104 2023-12-12 16:10:58.947
!MESSAGE Program file does not exist
!STACK 0
java.io.FileNotFoundException: C:\WorkSpace_GUI\Test01_GPIO\Debug\Test01_GPIO.elf not found
	at org.eclipse.cdt.dsf.gdb.launching.LaunchUtils.verifyProgramPath(LaunchUtils.java:130)
	at org.eclipse.cdt.dsf.gdb.launching.GdbLaunchDelegate.checkBinaryDetails(GdbLaunchDelegate.java:330)
	at org.eclipse.cdt.dsf.gdb.launching.GdbLaunchDelegate.launchDebugSession(GdbLaunchDelegate.java:152)
	at org.eclipse.cdt.dsf.gdb.launching.GdbLaunchDelegate.launchDebugger(GdbLaunchDelegate.java:109)
	at org.eclipse.cdt.dsf.gdb.launching.GdbLaunchDelegate.launch(GdbLaunchDelegate.java:97)
	at com.st.stm32cube.ide.mcu.debug.launch.DSFDelegate.launch(DSFDelegate.java:334)
	at org.eclipse.debug.internal.core.LaunchConfiguration.launch(LaunchConfiguration.java:806)
	at org.eclipse.debug.internal.core.LaunchConfiguration.launch(LaunchConfiguration.java:717)
	at org.eclipse.debug.internal.ui.DebugUIPlugin.buildAndLaunch(DebugUIPlugin.java:1040)
	at org.eclipse.debug.internal.ui.DebugUIPlugin$1.run(DebugUIPlugin.java:1243)
	at org.eclipse.core.internal.jobs.Worker.run(Worker.java:63)
!SUBENTRY 1 org.eclipse.cdt.dsf.gdb 4 104 2023-12-12 16:10:58.947
!MESSAGE C:\WorkSpace_GUI\Test01_GPIO\Debug\Test01_GPIO.elf not found
!STACK 0
java.io.FileNotFoundException: C:\WorkSpace_GUI\Test01_GPIO\Debug\Test01_GPIO.elf not found
	at org.eclipse.cdt.dsf.gdb.launching.LaunchUtils.verifyProgramPath(LaunchUtils.java:130)
	at org.eclipse.cdt.dsf.gdb.launching.GdbLaunchDelegate.checkBinaryDetails(GdbLaunchDelegate.java:330)
	at org.eclipse.cdt.dsf.gdb.launching.GdbLaunchDelegate.launchDebugSession(GdbLaunchDelegate.java:152)
	at org.eclipse.cdt.dsf.gdb.launching.GdbLaunchDelegate.launchDebugger(GdbLaunchDelegate.java:109)
	at org.eclipse.cdt.dsf.gdb.launching.GdbLaunchDelegate.launch(GdbLaunchDelegate.java:97)
	at com.st.stm32cube.ide.mcu.debug.launch.DSFDelegate.launch(DSFDelegate.java:334)
	at org.eclipse.debug.internal.core.LaunchConfiguration.launch(LaunchConfiguration.java:806)
	at org.eclipse.debug.internal.core.LaunchConfiguration.launch(LaunchConfiguration.java:717)
	at org.eclipse.debug.internal.ui.DebugUIPlugin.buildAndLaunch(DebugUIPlugin.java:1040)
	at org.eclipse.debug.internal.ui.DebugUIPlugin$1.run(DebugUIPlugin.java:1243)
	at org.eclipse.core.internal.jobs.Worker.run(Worker.java:63)

!ENTRY com.st.stm32cube.ide.mcu.debug 4 0 2023-12-12 16:22:07.355
!MESSAGE Error - No active DSF-Session. tmpSessionId = 55 (contextManager row 121)

!ENTRY com.st.stm32cube.ide.mcu.debug 4 0 2023-12-12 16:22:07.356
!MESSAGE Existing sessions are:

!ENTRY com.st.stm32cube.ide.mcu.debug 4 0 2023-12-12 16:22:07.357
!MESSAGE Error - No active DSF-Session. tmpSessionId = 55 (contextManager row 121)

!ENTRY com.st.stm32cube.ide.mcu.debug 4 0 2023-12-12 16:22:07.357
!MESSAGE Existing sessions are:

!ENTRY com.st.stm32cube.ide.mcu.debug 4 0 2023-12-12 16:28:01.799
!MESSAGE Error - No active DSF-Session. tmpSessionId = 59 (contextManager row 121)

!ENTRY com.st.stm32cube.ide.mcu.debug 4 0 2023-12-12 16:28:01.799
!MESSAGE Existing sessions are:

!ENTRY com.st.stm32cube.ide.mcu.debug 4 0 2023-12-12 16:28:01.800
!MESSAGE Error - No active DSF-Session. tmpSessionId = 59 (contextManager row 121)

!ENTRY com.st.stm32cube.ide.mcu.debug 4 0 2023-12-12 16:28:01.800
!MESSAGE Existing sessions are:

!ENTRY com.st.stm32cube.ide.mcu.debug 4 0 2023-12-12 16:28:51.647
!MESSAGE Error - No active DSF-Session. tmpSessionId = 60 (contextManager row 121)

!ENTRY com.st.stm32cube.ide.mcu.debug 4 0 2023-12-12 16:28:51.648
!MESSAGE Existing sessions are:

!ENTRY com.st.stm32cube.ide.mcu.debug 4 0 2023-12-12 16:28:51.649
!MESSAGE Error - No active DSF-Session. tmpSessionId = 60 (contextManager row 121)

!ENTRY com.st.stm32cube.ide.mcu.debug 4 0 2023-12-12 16:28:51.649
!MESSAGE Existing sessions are:

!ENTRY com.st.stm32cube.ide.mcu.debug 4 0 2023-12-12 16:43:26.635
!MESSAGE Error - No active DSF-Session. tmpSessionId = 62 (contextManager row 121)

!ENTRY com.st.stm32cube.ide.mcu.debug 4 0 2023-12-12 16:43:26.636
!MESSAGE Existing sessions are:

!ENTRY com.st.stm32cube.ide.mcu.debug 4 0 2023-12-12 16:43:26.636
!MESSAGE Error - No active DSF-Session. tmpSessionId = 62 (contextManager row 121)

!ENTRY com.st.stm32cube.ide.mcu.debug 4 0 2023-12-12 16:43:26.637
!MESSAGE Existing sessions are:
!SESSION 2023-12-13 09:17:14.175 -----------------------------------------------
eclipse.buildId=Version 1.13.0
java.version=17.0.6
java.vendor=Eclipse Adoptium
BootLoader constants: OS=win32, ARCH=x86_64, WS=win32, NL=ko_KR
Command-line arguments:  -os win32 -ws win32 -arch x86_64

!ENTRY com.st.stm32cube.ide.mcu.informationcenter 4 4 2023-12-13 09:17:38.454
!MESSAGE CubeMX plugin appears to be active, Log4j initialization might be too late.

!ENTRY com.st.stm32cube.ide.mcu.informationcenter 1 1 2023-12-13 09:17:38.454
!MESSAGE Log4j2 initialized with config file C:\WorkSpace_GUI\.metadata\.log4j2.xml

!ENTRY com.st.stm32cube.ide.mcu.ide 1 1 2023-12-13 09:17:51.614
!MESSAGE Started RMI Server, listening on port 41337

!ENTRY org.eclipse.equinox.p2.repository 2 0 2023-12-13 09:21:57.839
!MESSAGE Using unsafe http transport to retrieve http://download.eclipse.org/usssdk/updates/release/latest, see CVE-2021-41033. Consider using https instead.

!ENTRY org.eclipse.equinox.p2.repository 2 0 2023-12-13 09:22:00.531
!MESSAGE Using unsafe http transport to retrieve http://download.eclipse.org/usssdk/drops/release/1.2.2/content.xml.xz, see CVE-2021-41033. Consider using https instead.

!ENTRY org.eclipse.cdt.core 1 0 2023-12-13 10:04:44.461
!MESSAGE Indexed 'Test02_ADC' (22 sources, 82 headers) in 4.58 sec: 4,742 declarations; 22,752 references; 0 unresolved inclusions; 1 syntax errors; 2 unresolved names (0.0073%)

!ENTRY org.eclipse.cdt.dsf.gdb 4 104 2023-12-13 12:39:12.661
!MESSAGE Program file does not exist
!STACK 0
java.io.FileNotFoundException: C:\WorkSpace_GUI\Test02_ADC\Debug\Test02_ADC.elf not found
	at org.eclipse.cdt.dsf.gdb.launching.LaunchUtils.verifyProgramPath(LaunchUtils.java:130)
	at org.eclipse.cdt.dsf.gdb.launching.GdbLaunchDelegate.checkBinaryDetails(GdbLaunchDelegate.java:330)
	at org.eclipse.cdt.dsf.gdb.launching.GdbLaunchDelegate.launchDebugSession(GdbLaunchDelegate.java:152)
	at org.eclipse.cdt.dsf.gdb.launching.GdbLaunchDelegate.launchDebugger(GdbLaunchDelegate.java:109)
	at org.eclipse.cdt.dsf.gdb.launching.GdbLaunchDelegate.launch(GdbLaunchDelegate.java:97)
	at com.st.stm32cube.ide.mcu.debug.launch.DSFDelegate.launch(DSFDelegate.java:334)
	at org.eclipse.debug.internal.core.LaunchConfiguration.launch(LaunchConfiguration.java:806)
	at org.eclipse.debug.internal.core.LaunchConfiguration.launch(LaunchConfiguration.java:717)
	at org.eclipse.debug.internal.ui.DebugUIPlugin.buildAndLaunch(DebugUIPlugin.java:1040)
	at org.eclipse.debug.internal.ui.DebugUIPlugin$1.run(DebugUIPlugin.java:1243)
	at org.eclipse.core.internal.jobs.Worker.run(Worker.java:63)
!SUBENTRY 1 org.eclipse.cdt.dsf.gdb 4 104 2023-12-13 12:39:12.662
!MESSAGE C:\WorkSpace_GUI\Test02_ADC\Debug\Test02_ADC.elf not found
!STACK 0
java.io.FileNotFoundException: C:\WorkSpace_GUI\Test02_ADC\Debug\Test02_ADC.elf not found
	at org.eclipse.cdt.dsf.gdb.launching.LaunchUtils.verifyProgramPath(LaunchUtils.java:130)
	at org.eclipse.cdt.dsf.gdb.launching.GdbLaunchDelegate.checkBinaryDetails(GdbLaunchDelegate.java:330)
	at org.eclipse.cdt.dsf.gdb.launching.GdbLaunchDelegate.launchDebugSession(GdbLaunchDelegate.java:152)
	at org.eclipse.cdt.dsf.gdb.launching.GdbLaunchDelegate.launchDebugger(GdbLaunchDelegate.java:109)
	at org.eclipse.cdt.dsf.gdb.launching.GdbLaunchDelegate.launch(GdbLaunchDelegate.java:97)
	at com.st.stm32cube.ide.mcu.debug.launch.DSFDelegate.launch(DSFDelegate.java:334)
	at org.eclipse.debug.internal.core.LaunchConfiguration.launch(LaunchConfiguration.java:806)
	at org.eclipse.debug.internal.core.LaunchConfiguration.launch(LaunchConfiguration.java:717)
	at org.eclipse.debug.internal.ui.DebugUIPlugin.buildAndLaunch(DebugUIPlugin.java:1040)
	at org.eclipse.debug.internal.ui.DebugUIPlugin$1.run(DebugUIPlugin.java:1243)
	at org.eclipse.core.internal.jobs.Worker.run(Worker.java:63)

!ENTRY org.eclipse.cdt.dsf.gdb 4 104 2023-12-13 12:39:37.856
!MESSAGE Program file does not exist
!STACK 0
java.io.FileNotFoundException: C:\WorkSpace_GUI\Test02_ADC\Debug\Test02_ADC.elf not found
	at org.eclipse.cdt.dsf.gdb.launching.LaunchUtils.verifyProgramPath(LaunchUtils.java:130)
	at org.eclipse.cdt.dsf.gdb.launching.GdbLaunchDelegate.checkBinaryDetails(GdbLaunchDelegate.java:330)
	at org.eclipse.cdt.dsf.gdb.launching.GdbLaunchDelegate.launchDebugSession(GdbLaunchDelegate.java:152)
	at org.eclipse.cdt.dsf.gdb.launching.GdbLaunchDelegate.launchDebugger(GdbLaunchDelegate.java:109)
	at org.eclipse.cdt.dsf.gdb.launching.GdbLaunchDelegate.launch(GdbLaunchDelegate.java:97)
	at com.st.stm32cube.ide.mcu.debug.launch.DSFDelegate.launch(DSFDelegate.java:334)
	at org.eclipse.debug.internal.core.LaunchConfiguration.launch(LaunchConfiguration.java:806)
	at org.eclipse.debug.internal.core.LaunchConfiguration.launch(LaunchConfiguration.java:717)
	at org.eclipse.debug.internal.ui.DebugUIPlugin.buildAndLaunch(DebugUIPlugin.java:1040)
	at org.eclipse.debug.internal.ui.DebugUIPlugin$1.run(DebugUIPlugin.java:1243)
	at org.eclipse.core.internal.jobs.Worker.run(Worker.java:63)
!SUBENTRY 1 org.eclipse.cdt.dsf.gdb 4 104 2023-12-13 12:39:37.856
!MESSAGE C:\WorkSpace_GUI\Test02_ADC\Debug\Test02_ADC.elf not found
!STACK 0
java.io.FileNotFoundException: C:\WorkSpace_GUI\Test02_ADC\Debug\Test02_ADC.elf not found
	at org.eclipse.cdt.dsf.gdb.launching.LaunchUtils.verifyProgramPath(LaunchUtils.java:130)
	at org.eclipse.cdt.dsf.gdb.launching.GdbLaunchDelegate.checkBinaryDetails(GdbLaunchDelegate.java:330)
	at org.eclipse.cdt.dsf.gdb.launching.GdbLaunchDelegate.launchDebugSession(GdbLaunchDelegate.java:152)
	at org.eclipse.cdt.dsf.gdb.launching.GdbLaunchDelegate.launchDebugger(GdbLaunchDelegate.java:109)
	at org.eclipse.cdt.dsf.gdb.launching.GdbLaunchDelegate.launch(GdbLaunchDelegate.java:97)
	at com.st.stm32cube.ide.mcu.debug.launch.DSFDelegate.launch(DSFDelegate.java:334)
	at org.eclipse.debug.internal.core.LaunchConfiguration.launch(LaunchConfiguration.java:806)
	at org.eclipse.debug.internal.core.LaunchConfiguration.launch(LaunchConfiguration.java:717)
	at org.eclipse.debug.internal.ui.DebugUIPlugin.buildAndLaunch(DebugUIPlugin.java:1040)
	at org.eclipse.debug.internal.ui.DebugUIPlugin$1.run(DebugUIPlugin.java:1243)
	at org.eclipse.core.internal.jobs.Worker.run(Worker.java:63)

!ENTRY org.eclipse.cdt.dsf.gdb 4 104 2023-12-13 12:41:15.767
!MESSAGE Program file does not exist
!STACK 0
java.io.FileNotFoundException: C:\WorkSpace_GUI\Test02_ADC\Debug\Test02_ADC.elf not found
	at org.eclipse.cdt.dsf.gdb.launching.LaunchUtils.verifyProgramPath(LaunchUtils.java:130)
	at org.eclipse.cdt.dsf.gdb.launching.GdbLaunchDelegate.checkBinaryDetails(GdbLaunchDelegate.java:330)
	at org.eclipse.cdt.dsf.gdb.launching.GdbLaunchDelegate.launchDebugSession(GdbLaunchDelegate.java:152)
	at org.eclipse.cdt.dsf.gdb.launching.GdbLaunchDelegate.launchDebugger(GdbLaunchDelegate.java:109)
	at org.eclipse.cdt.dsf.gdb.launching.GdbLaunchDelegate.launch(GdbLaunchDelegate.java:97)
	at com.st.stm32cube.ide.mcu.debug.launch.DSFDelegate.launch(DSFDelegate.java:334)
	at org.eclipse.debug.internal.core.LaunchConfiguration.launch(LaunchConfiguration.java:806)
	at org.eclipse.debug.internal.core.LaunchConfiguration.launch(LaunchConfiguration.java:717)
	at org.eclipse.debug.internal.ui.DebugUIPlugin.buildAndLaunch(DebugUIPlugin.java:1040)
	at org.eclipse.debug.internal.ui.DebugUIPlugin$1.run(DebugUIPlugin.java:1243)
	at org.eclipse.core.internal.jobs.Worker.run(Worker.java:63)
!SUBENTRY 1 org.eclipse.cdt.dsf.gdb 4 104 2023-12-13 12:41:15.768
!MESSAGE C:\WorkSpace_GUI\Test02_ADC\Debug\Test02_ADC.elf not found
!STACK 0
java.io.FileNotFoundException: C:\WorkSpace_GUI\Test02_ADC\Debug\Test02_ADC.elf not found
	at org.eclipse.cdt.dsf.gdb.launching.LaunchUtils.verifyProgramPath(LaunchUtils.java:130)
	at org.eclipse.cdt.dsf.gdb.launching.GdbLaunchDelegate.checkBinaryDetails(GdbLaunchDelegate.java:330)
	at org.eclipse.cdt.dsf.gdb.launching.GdbLaunchDelegate.launchDebugSession(GdbLaunchDelegate.java:152)
	at org.eclipse.cdt.dsf.gdb.launching.GdbLaunchDelegate.launchDebugger(GdbLaunchDelegate.java:109)
	at org.eclipse.cdt.dsf.gdb.launching.GdbLaunchDelegate.launch(GdbLaunchDelegate.java:97)
	at com.st.stm32cube.ide.mcu.debug.launch.DSFDelegate.launch(DSFDelegate.java:334)
	at org.eclipse.debug.internal.core.LaunchConfiguration.launch(LaunchConfiguration.java:806)
	at org.eclipse.debug.internal.core.LaunchConfiguration.launch(LaunchConfiguration.java:717)
	at org.eclipse.debug.internal.ui.DebugUIPlugin.buildAndLaunch(DebugUIPlugin.java:1040)
	at org.eclipse.debug.internal.ui.DebugUIPlugin$1.run(DebugUIPlugin.java:1243)
	at org.eclipse.core.internal.jobs.Worker.run(Worker.java:63)

!ENTRY org.eclipse.cdt.dsf.gdb 4 104 2023-12-13 15:10:46.017
!MESSAGE Program file does not exist
!STACK 0
java.io.FileNotFoundException: C:\WorkSpace_GUI\Test02_ADC\Debug\Test02_ADC.elf not found
	at org.eclipse.cdt.dsf.gdb.launching.LaunchUtils.verifyProgramPath(LaunchUtils.java:130)
	at org.eclipse.cdt.dsf.gdb.launching.GdbLaunchDelegate.checkBinaryDetails(GdbLaunchDelegate.java:330)
	at org.eclipse.cdt.dsf.gdb.launching.GdbLaunchDelegate.launchDebugSession(GdbLaunchDelegate.java:152)
	at org.eclipse.cdt.dsf.gdb.launching.GdbLaunchDelegate.launchDebugger(GdbLaunchDelegate.java:109)
	at org.eclipse.cdt.dsf.gdb.launching.GdbLaunchDelegate.launch(GdbLaunchDelegate.java:97)
	at com.st.stm32cube.ide.mcu.debug.launch.DSFDelegate.launch(DSFDelegate.java:334)
	at org.eclipse.debug.internal.core.LaunchConfiguration.launch(LaunchConfiguration.java:806)
	at org.eclipse.debug.internal.core.LaunchConfiguration.launch(LaunchConfiguration.java:717)
	at org.eclipse.debug.internal.ui.DebugUIPlugin.buildAndLaunch(DebugUIPlugin.java:1040)
	at org.eclipse.debug.internal.ui.DebugUIPlugin$1.run(DebugUIPlugin.java:1243)
	at org.eclipse.core.internal.jobs.Worker.run(Worker.java:63)
!SUBENTRY 1 org.eclipse.cdt.dsf.gdb 4 104 2023-12-13 15:10:46.017
!MESSAGE C:\WorkSpace_GUI\Test02_ADC\Debug\Test02_ADC.elf not found
!STACK 0
java.io.FileNotFoundException: C:\WorkSpace_GUI\Test02_ADC\Debug\Test02_ADC.elf not found
	at org.eclipse.cdt.dsf.gdb.launching.LaunchUtils.verifyProgramPath(LaunchUtils.java:130)
	at org.eclipse.cdt.dsf.gdb.launching.GdbLaunchDelegate.checkBinaryDetails(GdbLaunchDelegate.java:330)
	at org.eclipse.cdt.dsf.gdb.launching.GdbLaunchDelegate.launchDebugSession(GdbLaunchDelegate.java:152)
	at org.eclipse.cdt.dsf.gdb.launching.GdbLaunchDelegate.launchDebugger(GdbLaunchDelegate.java:109)
	at org.eclipse.cdt.dsf.gdb.launching.GdbLaunchDelegate.launch(GdbLaunchDelegate.java:97)
	at com.st.stm32cube.ide.mcu.debug.launch.DSFDelegate.launch(DSFDelegate.java:334)
	at org.eclipse.debug.internal.core.LaunchConfiguration.launch(LaunchConfiguration.java:806)
	at org.eclipse.debug.internal.core.LaunchConfiguration.launch(LaunchConfiguration.java:717)
	at org.eclipse.debug.internal.ui.DebugUIPlugin.buildAndLaunch(DebugUIPlugin.java:1040)
	at org.eclipse.debug.internal.ui.DebugUIPlugin$1.run(DebugUIPlugin.java:1243)
	at org.eclipse.core.internal.jobs.Worker.run(Worker.java:63)
!SESSION 2023-12-14 09:05:55.037 -----------------------------------------------
eclipse.buildId=Version 1.13.0
java.version=17.0.6
java.vendor=Eclipse Adoptium
BootLoader constants: OS=win32, ARCH=x86_64, WS=win32, NL=ko_KR
Command-line arguments:  -os win32 -ws win32 -arch x86_64

!ENTRY com.st.stm32cube.ide.mcu.informationcenter 4 4 2023-12-14 09:06:06.702
!MESSAGE CubeMX plugin appears to be active, Log4j initialization might be too late.

!ENTRY com.st.stm32cube.ide.mcu.informationcenter 1 1 2023-12-14 09:06:06.705
!MESSAGE Log4j2 initialized with config file C:\WorkSpace_GUI\.metadata\.log4j2.xml

!ENTRY com.st.stm32cube.ide.mcu.ide 1 1 2023-12-14 09:06:21.766
!MESSAGE Started RMI Server, listening on port 41337

!ENTRY org.eclipse.equinox.p2.repository 2 0 2023-12-14 09:10:33.271
!MESSAGE Using unsafe http transport to retrieve http://download.eclipse.org/usssdk/updates/release/latest, see CVE-2021-41033. Consider using https instead.

!ENTRY org.eclipse.equinox.p2.repository 2 0 2023-12-14 09:10:37.810
!MESSAGE Using unsafe http transport to retrieve http://download.eclipse.org/usssdk/drops/release/1.2.2/content.xml.xz, see CVE-2021-41033. Consider using https instead.

!ENTRY org.eclipse.cdt.core 1 0 2023-12-14 10:28:48.112
!MESSAGE Indexed 'Test03_RTOS' (22 sources, 82 headers) in 5.11 sec: 4,742 declarations; 22,752 references; 0 unresolved inclusions; 1 syntax errors; 2 unresolved names (0.0073%)
